<?xml version="1.0" encoding="UTF-8"?>
<!-- Generated by org.testng.reporters.JUnitXMLReporter -->
<testsuite ignored="6" hostname="LAPTOP-F7RL5C13" failures="0" tests="2" name="Test" time="4.964" errors="0" timestamp="26 Feb 2022 06:20:39 GMT">
  <testcase classname="vtiger_crm.Base_Class" name="@BeforeClass launchbrowser_driver_Initilize" time="3.885">
    <failure type="java.lang.NullPointerException" message="null value in entry: url=null">
      <![CDATA[java.lang.NullPointerException: null value in entry: url=null
at com.google.common.collect.CollectPreconditions.checkEntryNotNull(CollectPreconditions.java:33)
at com.google.common.collect.SingletonImmutableBiMap.<init>(SingletonImmutableBiMap.java:43)
at com.google.common.collect.ImmutableBiMap.of(ImmutableBiMap.java:81)
at com.google.common.collect.ImmutableMap.of(ImmutableMap.java:126)
at org.openqa.selenium.remote.DriverCommand.GET(DriverCommand.java:76)
at org.openqa.selenium.remote.RemoteWebDriver.get(RemoteWebDriver.java:328)
at vtiger_crm.Base_Class.launchbrowser_driver_Initilize(Base_Class.java:58)
... Removed 26 stack frames]]>
    </failure>
  </testcase> <!-- @BeforeClass launchbrowser_driver_Initilize -->
  <testcase classname="vtiger_crm.Base_Class" name="@BeforeMethod logintoApp" time="0.0">
    <skipped/>
  </testcase> <!-- @BeforeMethod logintoApp -->
  <testcase classname="vtiger_crm.Base_Class" name="@AfterMethod logoutFromApp" time="0.0">
    <skipped/>
  </testcase> <!-- @AfterMethod logoutFromApp -->
  <testcase classname="vtiger_crm.Base_Class" name="@BeforeClass launchbrowser_driver_Initilize" time="0.961">
    <failure type="java.lang.NullPointerException" message="null value in entry: url=null">
      <![CDATA[java.lang.NullPointerException: null value in entry: url=null
at com.google.common.collect.CollectPreconditions.checkEntryNotNull(CollectPreconditions.java:33)
at com.google.common.collect.SingletonImmutableBiMap.<init>(SingletonImmutableBiMap.java:43)
at com.google.common.collect.ImmutableBiMap.of(ImmutableBiMap.java:81)
at com.google.common.collect.ImmutableMap.of(ImmutableMap.java:126)
at org.openqa.selenium.remote.DriverCommand.GET(DriverCommand.java:76)
at org.openqa.selenium.remote.RemoteWebDriver.get(RemoteWebDriver.java:328)
at vtiger_crm.Base_Class.launchbrowser_driver_Initilize(Base_Class.java:58)
... Removed 26 stack frames]]>
    </failure>
  </testcase> <!-- @BeforeClass launchbrowser_driver_Initilize -->
  <testcase classname="vtiger_crm.Base_Class" name="@BeforeMethod logintoApp" time="0.0">
    <skipped/>
  </testcase> <!-- @BeforeMethod logintoApp -->
  <testcase classname="vtiger_crm.Base_Class" name="@AfterMethod logoutFromApp" time="0.0">
    <skipped/>
  </testcase> <!-- @AfterMethod logoutFromApp -->
  <testcase classname="vtiger_crm.Base_Class" name="@AfterTest tearDown" time="0.0">
    <skipped/>
  </testcase> <!-- @AfterTest tearDown -->
  <testcase classname="vtiger_Test_data.Tc001_create_org" name="create_org" time="0.0">
    <skipped/>
  </testcase> <!-- create_org -->
  <testcase classname="vtiger_Test_data.TC03_create_contact" name="create_cont" time="0.0">
    <skipped/>
  </testcase> <!-- create_cont -->
  <testcase classname="vtiger_crm.Base_Class" name="@BeforeTest beforeTest" time="0.0">
    <ignored/>
  </testcase> <!-- @BeforeTest beforeTest -->
  <testcase classname="vtiger_crm.Base_Class" name="@BeforeTest beforeTest" time="0.0">
    <ignored/>
  </testcase> <!-- @BeforeTest beforeTest -->
  <testcase classname="vtiger_crm.Base_Class" name="@AfterTest tearDown" time="0.0">
    <ignored/>
  </testcase> <!-- @AfterTest tearDown -->
  <testcase classname="vtiger_crm.Base_Class" name="@AfterTest tearDown" time="0.0">
    <ignored/>
  </testcase> <!-- @AfterTest tearDown -->
  <testcase classname="vtiger_crm.Base_Class" name="@BeforeSuite makeConnections" time="0.0">
    <ignored/>
  </testcase> <!-- @BeforeSuite makeConnections -->
  <testcase classname="vtiger_crm.Base_Class" name="@BeforeSuite makeConnections" time="0.0">
    <ignored/>
  </testcase> <!-- @BeforeSuite makeConnections -->
</testsuite> <!-- Test -->
